androidOFXspeleo/build/outputs/logs/manifest-merger-debug-report.txt
-- Merging decision tree log ---
manifest
ADDED from myApps/androidOFXspeleo/AndroidManifest.xml:2:1-41:12
	package
		ADDED from myApps/androidOFXspeleo/AndroidManifest.xml:3:5-49
	android:versionName
		ADDED from myApps/androidOFXspeleo/AndroidManifest.xml:5:5-30
		INJECTED from myApps/androidOFXspeleo/AndroidManifest.xml
		INJECTED from myApps/androidOFXspeleo/AndroidManifest.xml
	android:versionCode
		ADDED from myApps/androidOFXspeleo/AndroidManifest.xml:4:5-28
		INJECTED from myApps/androidOFXspeleo/AndroidManifest.xml
		INJECTED from myApps/androidOFXspeleo/AndroidManifest.xml
	xmlns:android
		ADDED from myApps/androidOFXspeleo/AndroidManifest.xml:2:11-69
	android:installLocation
		ADDED from myApps/androidOFXspeleo/AndroidManifest.xml:6:5-45
uses-sdk
ADDED from myApps/androidOFXspeleo/AndroidManifest.xml:8:5-10:41
MERGED from [androidOFXspeleo:ofAndroidLib:unspecified] AndroidManifest.xml:7:5-9:41
	android:targetSdkVersion
		ADDED from myApps/androidOFXspeleo/AndroidManifest.xml:10:9-38
		INJECTED from myApps/androidOFXspeleo/AndroidManifest.xml
		INJECTED from myApps/androidOFXspeleo/AndroidManifest.xml
	android:minSdkVersion
		ADDED from myApps/androidOFXspeleo/AndroidManifest.xml:9:9-35
		INJECTED from myApps/androidOFXspeleo/AndroidManifest.xml
		INJECTED from myApps/androidOFXspeleo/AndroidManifest.xml
uses-permission#android.permission.WRITE_EXTERNAL_STORAGE
ADDED from myApps/androidOFXspeleo/AndroidManifest.xml:12:5-97
	android:name
		ADDED from myApps/androidOFXspeleo/AndroidManifest.xml:12:22-78
uses-feature#android.hardware.bluetooth_le
ADDED from myApps/androidOFXspeleo/AndroidManifest.xml:14:5-16:35
	android:required
		ADDED from myApps/androidOFXspeleo/AndroidManifest.xml:16:9-32
	android:name
		ADDED from myApps/androidOFXspeleo/AndroidManifest.xml:15:9-53
uses-permission#android.permission.BLUETOOTH
ADDED from myApps/androidOFXspeleo/AndroidManifest.xml:18:5-68
	android:name
		ADDED from myApps/androidOFXspeleo/AndroidManifest.xml:18:22-65
uses-permission#android.permission.BLUETOOTH_ADMIN
ADDED from myApps/androidOFXspeleo/AndroidManifest.xml:19:5-74
	android:name
		ADDED from myApps/androidOFXspeleo/AndroidManifest.xml:19:22-71
application
ADDED from myApps/androidOFXspeleo/AndroidManifest.xml:21:5-39:19
	android:label
		ADDED from myApps/androidOFXspeleo/AndroidManifest.xml:24:9-41
	android:allowBackup
		ADDED from myApps/androidOFXspeleo/AndroidManifest.xml:22:9-35
	android:icon
		ADDED from myApps/androidOFXspeleo/AndroidManifest.xml:23:9-45
	android:theme
		ADDED from myApps/androidOFXspeleo/AndroidManifest.xml:25:9-40
activity#cc.openframeworks.androidOFXspeleo.OFActivity
ADDED from myApps/androidOFXspeleo/AndroidManifest.xml:26:9-34:20
	android:label
		ADDED from myApps/androidOFXspeleo/AndroidManifest.xml:28:13-45
	android:configChanges
		ADDED from myApps/androidOFXspeleo/AndroidManifest.xml:28:47-93
	android:name
		ADDED from myApps/androidOFXspeleo/AndroidManifest.xml:27:13-39
intent-filter#android.intent.action.MAIN+android.intent.category.LAUNCHER
ADDED from myApps/androidOFXspeleo/AndroidManifest.xml:29:13-33:29
action#android.intent.action.MAIN
ADDED from myApps/androidOFXspeleo/AndroidManifest.xml:30:17-69
	android:name
		ADDED from myApps/androidOFXspeleo/AndroidManifest.xml:30:25-66
category#android.intent.category.LAUNCHER
ADDED from myApps/androidOFXspeleo/AndroidManifest.xml:32:17-77
	android:name
		ADDED from myApps/androidOFXspeleo/AndroidManifest.xml:32:27-74
service#cc.openframeworks.androidOFXspeleo.RBLService
ADDED from myApps/androidOFXspeleo/AndroidManifest.xml:36:9-38:38
	android:enabled
		ADDED from myApps/androidOFXspeleo/AndroidManifest.xml:38:13-35
	android:name
		ADDED from myApps/androidOFXspeleo/AndroidManifest.xml:37:13-39